WARNING:root:Term #0
WARNING:root:Term #100
WARNING:root:URL ERROR http://lib-thesaurus.un.org/LIB/DHLUNBISThesaurus.nsf/fee3fb01c865ac5d85256cf400648b1f/0633cb88027e783185256aa0005ff5e6?OpenDocument
WARNING:root:URL error: Skipping GRAIN EMBARGO
WARNING:root:Term #200
WARNING:root:Term #300
WARNING:root:Term #400
WARNING:root:Term #500
WARNING:root:Term #600
WARNING:root:Term #700
WARNING:root:Term #800
WARNING:root:Term #900
WARNING:root:Term #1000
WARNING:root:Term #1100
WARNING:root:Term #1200
WARNING:root:Term #1300
WARNING:root:Term KURDS
08.03.01 - SPECIAL GROUPS only has 6 elements
WARNING:root:URL error: Skipping KURDS
WARNING:root:Term #1400
WARNING:root:Term #1500
WARNING:root:Term #1600
WARNING:root:Term #1700
WARNING:root:Term #1800
WARNING:root:Term #1900
WARNING:root:Term #2000
WARNING:root:Term #2100
WARNING:root:Term #2200
WARNING:root:Term #2300
WARNING:root:URL ERROR http://lib-thesaurus.un.org/LIB/DHLUNBISThesaurus.nsf/fee3fb01c865ac5d85256cf400648b1f/531627a202aa5aaf85256aa00060109e?OpenDocument
WARNING:root:URL error: Skipping HISPANIC AMERICANS
WARNING:root:Term #2400
WARNING:root:Term #2500
WARNING:root:Term CHECHENS
08.03.01 - SPECIAL GROUPS only has 6 elements
WARNING:root:URL error: Skipping CHECHENS
WARNING:root:Term #2600
WARNING:root:Term #2700
WARNING:root:Term #2800
WARNING:root:Term #2900
WARNING:root:Term #3000
WARNING:root:Term #3100
WARNING:root:Term #3200
WARNING:root:Term #3300
WARNING:root:Term #3400
WARNING:root:Term #3500
WARNING:root:Term #3600
WARNING:root:Term #3700
WARNING:root:Term INTERNATIONAL ECONOMIC AND SOCIAL POLICY
02.04.00 - DEVELOPMENT
Scope note: Use only for the documents emanating from the UN Economic and Social Council general debate only has 6 elements
WARNING:root:URL error: Skipping INTERNATIONAL ECONOMIC AND SOCIAL POLICY
WARNING:root:Term SOUTH SUDAN
(Unrevised)
Scope note: TERM IN PROVISIONAL USE only has 6 elements
WARNING:root:URL error: Skipping SOUTH SUDAN
WARNING:root:Term #3800
WARNING:root:Term #3900
WARNING:root:Term #4000
WARNING:root:Term GENERAL DEBATE
18.07.01 - CONFERENCES
Scope note: General discussion at the beginning of the session of an intergovernmental body, particularly the General Assembly of the UN only has 6 elements
WARNING:root:URL error: Skipping GENERAL DEBATE
WARNING:root:Term #4100
WARNING:root:Term #4200
WARNING:root:Term #4300
WARNING:root:Term #4400
WARNING:root:Term #4500
WARNING:root:Term MALTESE LANGUAGE
15.01.01 - LANGUAGE only has 6 elements
WARNING:root:URL error: Skipping MALTESE LANGUAGE
WARNING:root:Term #4600
WARNING:root:Term #4700
WARNING:root:Term #4800
WARNING:root:Term #4900
WARNING:root:Term #5000
WARNING:root:Term #5100
WARNING:root:Term #5200
WARNING:root:Term WORLD WAR (1914-1918)
01.06.01 - POLITICAL EVENTS AND ISSUES
Used For:
WORLD WAR I (1914-1918)
FIRST WORLD WAR (1914-1918) only has 6 elements
WARNING:root:URL error: Skipping WORLD WAR (1914-1918)
WARNING:root:Term #5300
WARNING:root:Term #5400
WARNING:root:Term #5500
WARNING:root:URL ERROR http://lib-thesaurus.un.org/LIB/DHLUNBISThesaurus.nsf/fee3fb01c865ac5d85256cf400648b1f/c734ddb10ca1497885257d17005b093a?OpenDocument
WARNING:root:URL error: Skipping CARBON CREDITS
WARNING:root:Term #5600
WARNING:root:Term #5700
WARNING:root:Term #5800
WARNING:root:Term #5900
WARNING:root:Term #6000
WARNING:root:Term #6100
WARNING:root:Term #6200
WARNING:root:Term #6300
WARNING:root:Term SIWAI
08.03.01 - SPECIAL GROUPS
Used For:
SIUAI only has 6 elements
WARNING:root:URL error: Skipping SIWAI
WARNING:root:Term #6400
WARNING:root:Term #6500
WARNING:root:Term #6600
WARNING:root:Term #6700
WARNING:root:Term #6800
WARNING:root:Term #6900
WARNING:root:Term #7000
WARNING:root:Term #7100
WARNING:root:Term #0
WARNING:root:Term #100
WARNING:root:URL ERROR http://lib-thesaurus.un.org/LIB/DHLUNBISThesaurus.nsf/fee3fb01c865ac5d85256cf400648b1f/0633cb88027e783185256aa0005ff5e6?OpenDocument
WARNING:root:URL error: Skipping GRAIN EMBARGO
WARNING:root:Term #200
WARNING:root:Term #300
WARNING:root:Term #400
WARNING:root:Term #500
WARNING:root:Term #600
WARNING:root:Term #700
WARNING:root:Term #800
WARNING:root:Term #900
WARNING:root:Term #1000
WARNING:root:Term #1100
WARNING:root:Term #1200
WARNING:root:Term #1300
WARNING:root:Term KURDS
08.03.01 - SPECIAL GROUPS only has 6 elements
WARNING:root:URL error: Skipping KURDS
WARNING:root:Term #1400
WARNING:root:Term #1500
WARNING:root:Term #1600
WARNING:root:Term #1700
WARNING:root:Term #1800
WARNING:root:Term #1900
WARNING:root:Term #2000
WARNING:root:Term #2100
WARNING:root:Term #2200
WARNING:root:Term #2300
WARNING:root:URL ERROR http://lib-thesaurus.un.org/LIB/DHLUNBISThesaurus.nsf/fee3fb01c865ac5d85256cf400648b1f/531627a202aa5aaf85256aa00060109e?OpenDocument
WARNING:root:URL error: Skipping HISPANIC AMERICANS
WARNING:root:Term #2400
WARNING:root:Term #2500
WARNING:root:Term CHECHENS
08.03.01 - SPECIAL GROUPS only has 6 elements
WARNING:root:URL error: Skipping CHECHENS
WARNING:root:Term #2600
WARNING:root:Term #2700
WARNING:root:Term #2800
WARNING:root:Term #2900
WARNING:root:Term #3000
WARNING:root:Term #3100
WARNING:root:Term #3200
WARNING:root:Term #3300
WARNING:root:Term #3400
WARNING:root:Term #3500
WARNING:root:Term #3600
WARNING:root:Term #3700
WARNING:root:Term INTERNATIONAL ECONOMIC AND SOCIAL POLICY
02.04.00 - DEVELOPMENT
Scope note: Use only for the documents emanating from the UN Economic and Social Council general debate only has 6 elements
WARNING:root:URL error: Skipping INTERNATIONAL ECONOMIC AND SOCIAL POLICY
WARNING:root:Term SOUTH SUDAN
(Unrevised)
Scope note: TERM IN PROVISIONAL USE only has 6 elements
WARNING:root:URL error: Skipping SOUTH SUDAN
WARNING:root:Term #3800
WARNING:root:Term #3900
WARNING:root:Term #4000
WARNING:root:Term GENERAL DEBATE
18.07.01 - CONFERENCES
Scope note: General discussion at the beginning of the session of an intergovernmental body, particularly the General Assembly of the UN only has 6 elements
WARNING:root:URL error: Skipping GENERAL DEBATE
WARNING:root:Term #4100
WARNING:root:Term #4200
WARNING:root:Term #4300
WARNING:root:Term #4400
WARNING:root:Term #4500
WARNING:root:Term MALTESE LANGUAGE
15.01.01 - LANGUAGE only has 6 elements
WARNING:root:URL error: Skipping MALTESE LANGUAGE
WARNING:root:Term #4600
WARNING:root:Term #4700
WARNING:root:Term #4800
WARNING:root:Term #4900
WARNING:root:Term #5000
WARNING:root:Term #5100
WARNING:root:Term #5200
WARNING:root:Term WORLD WAR (1914-1918)
01.06.01 - POLITICAL EVENTS AND ISSUES
Used For:
WORLD WAR I (1914-1918)
FIRST WORLD WAR (1914-1918) only has 6 elements
WARNING:root:URL error: Skipping WORLD WAR (1914-1918)
WARNING:root:Term #5300
WARNING:root:Term #5400
WARNING:root:Term #5500
WARNING:root:URL ERROR http://lib-thesaurus.un.org/LIB/DHLUNBISThesaurus.nsf/fee3fb01c865ac5d85256cf400648b1f/c734ddb10ca1497885257d17005b093a?OpenDocument
WARNING:root:URL error: Skipping CARBON CREDITS
WARNING:root:Term #5600
WARNING:root:Term #5700
WARNING:root:Term #5800
WARNING:root:Term #5900
WARNING:root:Term #6000
WARNING:root:Term #6100
WARNING:root:Term #6200
WARNING:root:Term #6300
WARNING:root:Term SIWAI
08.03.01 - SPECIAL GROUPS
Used For:
SIUAI only has 6 elements
WARNING:root:URL error: Skipping SIWAI
WARNING:root:Term #6400
WARNING:root:Term #6500
WARNING:root:Term #6600
WARNING:root:Term #6700
WARNING:root:Term #6800
WARNING:root:Term #6900
WARNING:root:Term #7000
WARNING:root:Term #7100
WARNING:root:Term #0
WARNING:root:Term #100
WARNING:root:URL ERROR http://lib-thesaurus.un.org/LIB/DHLUNBISThesaurus.nsf/fee3fb01c865ac5d85256cf400648b1f/0633cb88027e783185256aa0005ff5e6?OpenDocument
WARNING:root:URL error: Skipping GRAIN EMBARGO
WARNING:root:Term #200
WARNING:root:Term #300
WARNING:root:Term #400
WARNING:root:Term #500
WARNING:root:Term #600
WARNING:root:Term #700
WARNING:root:Term #800
WARNING:root:Term #900
WARNING:root:Term #1000
WARNING:root:Term #1100
WARNING:root:Term #1200
WARNING:root:Term #1300
WARNING:root:Term KURDS
08.03.01 - SPECIAL GROUPS only has 6 elements
WARNING:root:URL error: Skipping KURDS
WARNING:root:Term #1400
WARNING:root:Term #1500
WARNING:root:Term #1600
WARNING:root:Term #1700
WARNING:root:Term #1800
WARNING:root:Term #1900
WARNING:root:Term #2000
WARNING:root:Term #2100
WARNING:root:Term #2200
WARNING:root:Term #2300
WARNING:root:URL ERROR http://lib-thesaurus.un.org/LIB/DHLUNBISThesaurus.nsf/fee3fb01c865ac5d85256cf400648b1f/531627a202aa5aaf85256aa00060109e?OpenDocument
WARNING:root:URL error: Skipping HISPANIC AMERICANS
WARNING:root:Term #2400
WARNING:root:Term #2500
WARNING:root:Term CHECHENS
08.03.01 - SPECIAL GROUPS only has 6 elements
WARNING:root:URL error: Skipping CHECHENS
WARNING:root:Term #2600
WARNING:root:Term #2700
WARNING:root:Term #2800
WARNING:root:Term #2900
WARNING:root:Term #3000
WARNING:root:Term #3100
WARNING:root:Term #3200
WARNING:root:Term #3300
WARNING:root:Term #3400
WARNING:root:Term #3500
WARNING:root:Term #3600
WARNING:root:Term #3700
WARNING:root:Term INTERNATIONAL ECONOMIC AND SOCIAL POLICY
02.04.00 - DEVELOPMENT
Scope note: Use only for the documents emanating from the UN Economic and Social Council general debate only has 6 elements
WARNING:root:URL error: Skipping INTERNATIONAL ECONOMIC AND SOCIAL POLICY
WARNING:root:Term SOUTH SUDAN
(Unrevised)
Scope note: TERM IN PROVISIONAL USE only has 6 elements
WARNING:root:URL error: Skipping SOUTH SUDAN
WARNING:root:Term #3800
WARNING:root:Term #3900
WARNING:root:Term #4000
WARNING:root:Term GENERAL DEBATE
18.07.01 - CONFERENCES
Scope note: General discussion at the beginning of the session of an intergovernmental body, particularly the General Assembly of the UN only has 6 elements
WARNING:root:URL error: Skipping GENERAL DEBATE
WARNING:root:Term #4100
WARNING:root:Term #4200
WARNING:root:Term #4300
WARNING:root:Term #4400
WARNING:root:Term #4500
WARNING:root:Term MALTESE LANGUAGE
15.01.01 - LANGUAGE only has 6 elements
WARNING:root:URL error: Skipping MALTESE LANGUAGE
WARNING:root:Term #4600
WARNING:root:Term #4700
WARNING:root:Term #4800
WARNING:root:Term #4900
WARNING:root:Term #5000
WARNING:root:Term #5100
WARNING:root:Term #5200
WARNING:root:Term WORLD WAR (1914-1918)
01.06.01 - POLITICAL EVENTS AND ISSUES
Used For:
WORLD WAR I (1914-1918)
FIRST WORLD WAR (1914-1918) only has 6 elements
WARNING:root:URL error: Skipping WORLD WAR (1914-1918)
WARNING:root:Term #5300
WARNING:root:Term #5400
WARNING:root:Term #5500
WARNING:root:URL ERROR http://lib-thesaurus.un.org/LIB/DHLUNBISThesaurus.nsf/fee3fb01c865ac5d85256cf400648b1f/c734ddb10ca1497885257d17005b093a?OpenDocument
WARNING:root:URL error: Skipping CARBON CREDITS
WARNING:root:Term #5600
WARNING:root:Term #5700
WARNING:root:Term #5800
WARNING:root:Term #5900
WARNING:root:Term #6000
WARNING:root:Term #6100
WARNING:root:Term #6200
WARNING:root:Term #6300
WARNING:root:Term SIWAI
08.03.01 - SPECIAL GROUPS
Used For:
SIUAI only has 6 elements
WARNING:root:URL error: Skipping SIWAI
WARNING:root:Term #6400
WARNING:root:Term #6500
WARNING:root:Term #6600
WARNING:root:Term #6700
WARNING:root:Term #6800
WARNING:root:Term #6900
WARNING:root:Term #7000
WARNING:root:Term #7100
WARNING:root:Term #0
WARNING:root:Term #100
WARNING:root:URL ERROR http://lib-thesaurus.un.org/LIB/DHLUNBISThesaurus.nsf/fee3fb01c865ac5d85256cf400648b1f/0633cb88027e783185256aa0005ff5e6?OpenDocument
WARNING:root:URL error: Skipping GRAIN EMBARGO
WARNING:root:Term #200
WARNING:root:Term #300
WARNING:root:Term #400
WARNING:root:Term #500
WARNING:root:Term #600
WARNING:root:Term #700
WARNING:root:Term #800
WARNING:root:Term #900
WARNING:root:Term #1000
WARNING:root:Term #1100
WARNING:root:Term #1200
WARNING:root:Term #1300
WARNING:root:Term KURDS
08.03.01 - SPECIAL GROUPS only has 6 elements
WARNING:root:URL error: Skipping KURDS
WARNING:root:Term #1400
WARNING:root:Term #1500
WARNING:root:Term #1600
WARNING:root:Term #1700
WARNING:root:Term #1800
WARNING:root:Term #1900
WARNING:root:Term #2000
WARNING:root:Term #2100
WARNING:root:Term #2200
WARNING:root:Term #2300
WARNING:root:URL ERROR http://lib-thesaurus.un.org/LIB/DHLUNBISThesaurus.nsf/fee3fb01c865ac5d85256cf400648b1f/531627a202aa5aaf85256aa00060109e?OpenDocument
WARNING:root:URL error: Skipping HISPANIC AMERICANS
WARNING:root:Term #2400
WARNING:root:Term #2500
WARNING:root:Term CHECHENS
08.03.01 - SPECIAL GROUPS only has 6 elements
WARNING:root:URL error: Skipping CHECHENS
WARNING:root:Term #2600
WARNING:root:Term #2700
WARNING:root:Term #2800
WARNING:root:Term #2900
WARNING:root:Term #3000
WARNING:root:Term #3100
WARNING:root:Term #3200
WARNING:root:Term #3300
WARNING:root:Term #3400
WARNING:root:Term #3500
WARNING:root:Term #3600
WARNING:root:Term #3700
WARNING:root:Term INTERNATIONAL ECONOMIC AND SOCIAL POLICY
02.04.00 - DEVELOPMENT
Scope note: Use only for the documents emanating from the UN Economic and Social Council general debate only has 6 elements
WARNING:root:URL error: Skipping INTERNATIONAL ECONOMIC AND SOCIAL POLICY
WARNING:root:Term SOUTH SUDAN
(Unrevised)
Scope note: TERM IN PROVISIONAL USE only has 6 elements
WARNING:root:URL error: Skipping SOUTH SUDAN
WARNING:root:Term #3800
WARNING:root:Term #3900
WARNING:root:Term #4000
WARNING:root:Term GENERAL DEBATE
18.07.01 - CONFERENCES
Scope note: General discussion at the beginning of the session of an intergovernmental body, particularly the General Assembly of the UN only has 6 elements
WARNING:root:URL error: Skipping GENERAL DEBATE
WARNING:root:Term #4100
WARNING:root:Term #4200
WARNING:root:Term #4300
WARNING:root:Term #4400
WARNING:root:Term #4500
WARNING:root:Term MALTESE LANGUAGE
15.01.01 - LANGUAGE only has 6 elements
WARNING:root:URL error: Skipping MALTESE LANGUAGE
WARNING:root:Term #4600
WARNING:root:Term #4700
WARNING:root:Term #4800
WARNING:root:Term #4900
WARNING:root:Term #5000
WARNING:root:Term #5100
WARNING:root:Term #5200
WARNING:root:Term WORLD WAR (1914-1918)
01.06.01 - POLITICAL EVENTS AND ISSUES
Used For:
WORLD WAR I (1914-1918)
FIRST WORLD WAR (1914-1918) only has 6 elements
WARNING:root:URL error: Skipping WORLD WAR (1914-1918)
WARNING:root:Term #5300
WARNING:root:Term #5400
WARNING:root:Term #5500
WARNING:root:URL ERROR http://lib-thesaurus.un.org/LIB/DHLUNBISThesaurus.nsf/fee3fb01c865ac5d85256cf400648b1f/c734ddb10ca1497885257d17005b093a?OpenDocument
WARNING:root:URL error: Skipping CARBON CREDITS
WARNING:root:Term #5600
WARNING:root:Term #5700
WARNING:root:Term #5800
WARNING:root:Term #5900
WARNING:root:Term #6000
WARNING:root:Term #6100
WARNING:root:Term #6200
WARNING:root:Term #6300
WARNING:root:Term SIWAI
08.03.01 - SPECIAL GROUPS
Used For:
SIUAI only has 6 elements
WARNING:root:URL error: Skipping SIWAI
WARNING:root:Term #6400
WARNING:root:Term #6500
WARNING:root:Term #6600
WARNING:root:Term #6700
WARNING:root:Term #6800
WARNING:root:Term #6900
WARNING:root:Term #7000
WARNING:root:Term #7100
